<?xml version="1.0" encoding="utf-8"?><testsuites name="pytest tests"><testsuite name="pytest" errors="0" failures="1" skipped="0" tests="28" time="7.206" timestamp="2026-09-02T18:36:44.637355+00:00" hostname="agent-env-8d3ae022-3031-42d7-9652-454f125af46b"><testcase classname="tests.test_backend.TestPractices" name="test_list_all" time="2.050" /><testcase classname="tests.test_backend.TestAuth" name="test_login_seeker" time="2.367" /><testcase classname="tests.test_backend.TestPractices" name="test_filter_dao" time="0.316" /><testcase classname="tests.test_backend.TestAuth" name="test_login_bad_password" time="0.283" /><testcase classname="tests.test_backend.TestPractices" name="test_filter_ayurveda" time="0.304" /><testcase classname="tests.test_backend.TestAuth" name="test_register_and_me" time="0.354"><failure message="KeyError: 'email'">tests/test_backend.py:35: in test_register_and_me
    assert me.json()["user"]["email"] is None or "email" not in me.json()["user"] or True  # public_user has no email
           ^^^^^^^^^^^^^^^^^^^^^^^^^^
E   KeyError: 'email'</failure></testcase><testcase classname="tests.test_backend.TestPractices" name="test_get_one_practice" time="0.423" /><testcase classname="tests.test_backend.TestAuth" name="test_duplicate_register" time="0.062" /><testcase classname="tests.test_backend.TestAuth" name="test_me_unauth" time="0.064" /><testcase classname="tests.test_backend.TestPractices" name="test_get_missing_practice" time="0.152" /><testcase classname="tests.test_backend.TestAuth" name="test_logout" time="0.620" /><testcase classname="tests.test_backend.TestPath" name="test_list_stages_seeker" time="0.509" /><testcase classname="tests.test_backend.TestPath" name="test_stage_detail" time="0.088" /><testcase classname="tests.test_backend.TestPath" name="test_stage_not_found" time="0.221" /><testcase classname="tests.test_backend.TestLogs" name="test_create_and_list_my_logs" time="0.797" /><testcase classname="tests.test_backend.TestPath" name="test_start_locked_stage" time="0.550" /><testcase classname="tests.test_backend.TestLogs" name="test_nothing_happened_log" time="0.345" /><testcase classname="tests.test_backend.TestPath" name="test_full_stage_flow_and_checkin" time="1.600" /><testcase classname="tests.test_backend.TestLogs" name="test_public_log_in_feed" time="0.451" /><testcase classname="tests.test_backend.TestLogs" name="test_delete_others_log_fails" time="0.574" /><testcase classname="tests.test_backend.TestOnboarding" name="test_onboarding_sets_intention_and_path" time="0.060" /><testcase classname="tests.test_backend.TestOnboarding" name="test_onboarding_invalid_path" time="0.066" /><testcase classname="tests.test_backend" name="test_root" time="0.060" /><testcase classname="tests.test_backend.TestStats" name="test_stats_shape" time="0.071" /><testcase classname="tests.test_backend.TestCommunity" name="test_practitioners" time="0.071" /><testcase classname="tests.test_backend.TestCommunity" name="test_follow_unfollow" time="0.307" /><testcase classname="tests.test_backend.TestCommunity" name="test_follow_self_forbidden" time="0.154" /><testcase classname="tests.test_backend.TestCommunity" name="test_get_unknown_user" time="0.086" /></testsuite></testsuites>