<?xml version="1.0" encoding="utf-8"?><testsuites name="pytest tests"><testsuite name="pytest" errors="0" failures="0" skipped="0" tests="41" time="8.481" timestamp="2026-09-02T19:00:32.268278+00:00" hostname="agent-env-8d3ae022-3031-42d7-9652-454f125af46b"><testcase classname="tests.test_backend.TestPractices" name="test_list_all" time="0.524" /><testcase classname="tests.test_backend.TestAuth" name="test_login_seeker" time="0.505" /><testcase classname="tests.test_backend.TestAuth" name="test_login_bad_password" time="0.298" /><testcase classname="tests.test_backend.TestPractices" name="test_filter_dao" time="0.305" /><testcase classname="tests.test_backend.TestAuth" name="test_register_and_me" time="0.476" /><testcase classname="tests.test_backend.TestPractices" name="test_filter_ayurveda" time="0.297" /><testcase classname="tests.test_backend.TestPractices" name="test_get_one_practice" time="0.182" /><testcase classname="tests.test_backend.TestAuth" name="test_duplicate_register" time="0.072" /><testcase classname="tests.test_backend.TestPractices" name="test_get_missing_practice" time="0.079" /><testcase classname="tests.test_backend.TestAuth" name="test_me_unauth" time="0.080" /><testcase classname="tests.test_backend.TestAuth" name="test_logout" time="0.634" /><testcase classname="tests.test_backend.TestPath" name="test_list_stages_seeker" time="0.530" /><testcase classname="tests.test_backend.TestPath" name="test_stage_detail" time="0.078" /><testcase classname="tests.test_backend.TestPath" name="test_stage_not_found" time="0.081" /><testcase classname="tests.test_backend.TestLogs" name="test_create_and_list_my_logs" time="0.991" /><testcase classname="tests.test_backend.TestPath" name="test_start_locked_stage" time="0.672" /><testcase classname="tests.test_backend.TestPath" name="test_full_stage_flow_and_checkin" time="1.429" /><testcase classname="tests.test_backend.TestLogs" name="test_nothing_happened_log" time="0.174" /><testcase classname="tests.test_backend.TestLogs" name="test_public_log_in_feed" time="0.486" /><testcase classname="tests.test_backend.TestLogs" name="test_delete_others_log_fails" time="0.725" /><testcase classname="tests.test_backend.TestCommunity" name="test_practitioners" time="0.088" /><testcase classname="tests.test_backend.TestCommunity" name="test_follow_unfollow" time="0.353" /><testcase classname="tests.test_new_features.TestMeetups" name="test_create_host_auto_rsvps" time="0.309" /><testcase classname="tests.test_backend.TestCommunity" name="test_follow_self_forbidden" time="0.163" /><testcase classname="tests.test_new_features.TestMeetups" name="test_list_upcoming_and_distance_sort" time="0.461" /><testcase classname="tests.test_backend.TestCommunity" name="test_get_unknown_user" time="0.075" /><testcase classname="tests.test_new_features.TestYear2Path" name="test_stages_returns_7_across_two_years" time="0.072" /><testcase classname="tests.test_new_features.TestYear2Path" name="test_year2_locked_until_year1_complete" time="0.152" /><testcase classname="tests.test_new_features.TestYear2Path" name="test_stage_5_detail_has_year2_practices" time="0.079" /><testcase classname="tests.test_new_features.TestYear2Path" name="test_year2_practices_exist" time="0.093" /><testcase classname="tests.test_new_features.TestMeetups" name="test_rsvp_requires_waiver_and_cancel" time="1.334" /><testcase classname="tests.test_new_features.TestComments" name="test_public_log_get_with_comments_and_count" time="1.241" /><testcase classname="tests.test_new_features.TestComments" name="test_private_log_403_for_non_owner" time="0.866" /><testcase classname="tests.test_new_features.TestMeetups" name="test_meetup_missing" time="0.084" /><testcase classname="tests.test_backend.TestOnboarding" name="test_onboarding_sets_intention_and_path" time="0.125" /><testcase classname="tests.test_backend.TestOnboarding" name="test_onboarding_invalid_path" time="0.253" /><testcase classname="tests.test_backend" name="test_root" time="0.116" /><testcase classname="tests.test_backend.TestStats" name="test_stats_shape" time="0.128" /><testcase classname="tests.test_new_features.TestComments" name="test_get_log_not_found" time="0.100" /><testcase classname="tests.test_new_features.TestReminders" name="test_reminder_patch_persists" time="0.557" /><testcase classname="tests.test_new_features.TestReminders" name="test_reminder_validation" time="0.080" /></testsuite></testsuites>